	max.poll.interval.ms = 300000
	max.poll.records = 500
	metadata.max.age.ms = 300000
	metric.reporters = []
	metrics.num.samples = 2
	metrics.recording.level = INFO
	metrics.sample.window.ms = 30000
	partition.assignment.strategy = [class org.apache.kafka.clients.consumer.RangeAssignor, class org.apache.kafka.clients.consumer.CooperativeStickyAssignor]
	receive.buffer.bytes = 65536
	reconnect.backoff.max.ms = 1000
	reconnect.backoff.ms = 50
	request.timeout.ms = 30000
	retry.backoff.ms = 100
	sasl.client.callback.handler.class = null
	sasl.jaas.config = null
	sasl.kerberos.kinit.cmd = /usr/bin/kinit
	sasl.kerberos.min.time.before.relogin = 60000
	sasl.kerberos.service.name = null
	sasl.kerberos.ticket.renew.jitter = 0.05
	sasl.kerberos.ticket.renew.window.factor = 0.8
	sasl.login.callback.handler.class = null
	sasl.login.class = null
	sasl.login.connect.timeout.ms = null
	sasl.login.read.timeout.ms = null
	sasl.login.refresh.buffer.seconds = 300
	sasl.login.refresh.min.period.seconds = 60
	sasl.login.refresh.window.factor = 0.8
	sasl.login.refresh.window.jitter = 0.05
	sasl.login.retry.backoff.max.ms = 10000
	sasl.login.retry.backoff.ms = 100
	sasl.mechanism = GSSAPI
	sasl.oauthbearer.clock.skew.seconds = 30
	sasl.oauthbearer.expected.audience = null
	sasl.oauthbearer.expected.issuer = null
	sasl.oauthbearer.jwks.endpoint.refresh.ms = 3600000
	sasl.oauthbearer.jwks.endpoint.retry.backoff.max.ms = 10000
	sasl.oauthbearer.jwks.endpoint.retry.backoff.ms = 100
	sasl.oauthbearer.jwks.endpoint.url = null
	sasl.oauthbearer.scope.claim.name = scope
	sasl.oauthbearer.sub.claim.name = sub
	sasl.oauthbearer.token.endpoint.url = null
	security.protocol = PLAINTEXT
	security.providers = null
	send.buffer.bytes = 131072
	session.timeout.ms = 45000
	socket.connection.setup.timeout.max.ms = 30000
	socket.connection.setup.timeout.ms = 10000
	ssl.cipher.suites = null
	ssl.enabled.protocols = [TLSv1.2, TLSv1.3]
	ssl.endpoint.identification.algorithm = https
	ssl.engine.factory.class = null
	ssl.key.password = null
	ssl.keymanager.algorithm = SunX509
	ssl.keystore.certificate.chain = null
	ssl.keystore.key = null
	ssl.keystore.location = null
	ssl.keystore.password = null
	ssl.keystore.type = JKS
	ssl.protocol = TLSv1.3
	ssl.provider = null
	ssl.secure.random.implementation = null
	ssl.trustmanager.algorithm = PKIX
	ssl.truststore.certificates = null
	ssl.truststore.location = null
	ssl.truststore.password = null
	ssl.truststore.type = JKS
	value.deserializer = class org.apache.kafka.common.serialization.ByteArrayDeserializer

26/07/14 13:45:42 INFO AppInfoParser: Kafka version: 3.4.1
26/07/14 13:45:42 INFO AppInfoParser: Kafka commitId: 8a516edc2755df89
26/07/14 13:45:42 INFO AppInfoParser: Kafka startTimeMs: 1784036742439
26/07/14 13:45:42 INFO KafkaConsumer: [Consumer clientId=consumer-spark-kafka-source-3e1a2026-43b5-4a36-8175-db5df1513edc--1951162449-executor-1, groupId=spark-kafka-source-3e1a2026-43b5-4a36-8175-db5df1513edc--1951162449-executor] Assigned to partition(s): cpg.metadata-0
26/07/14 13:45:42 INFO KafkaConsumer: [Consumer clientId=consumer-spark-kafka-source-3e1a2026-43b5-4a36-8175-db5df1513edc--1951162449-executor-1, groupId=spark-kafka-source-3e1a2026-43b5-4a36-8175-db5df1513edc--1951162449-executor] Seeking to offset 0 for partition cpg.metadata-0
26/07/14 13:45:42 INFO Metadata: [Consumer clientId=consumer-spark-kafka-source-3e1a2026-43b5-4a36-8175-db5df1513edc--1951162449-executor-1, groupId=spark-kafka-source-3e1a2026-43b5-4a36-8175-db5df1513edc--1951162449-executor] Resetting the last seen epoch of partition cpg.metadata-0 to 0 since the associated topicId changed from null to UTfMJtnkRY6-gX9gW7acTA
26/07/14 13:45:42 INFO Metadata: [Consumer clientId=consumer-spark-kafka-source-3e1a2026-43b5-4a36-8175-db5df1513edc--1951162449-executor-1, groupId=spark-kafka-source-3e1a2026-43b5-4a36-8175-db5df1513edc--1951162449-executor] Cluster ID: MkU3OEVBNTcwNTJENDM2Qg
26/07/14 13:45:42 INFO SubscriptionState: [Consumer clientId=consumer-spark-kafka-source-3e1a2026-43b5-4a36-8175-db5df1513edc--1951162449-executor-1, groupId=spark-kafka-source-3e1a2026-43b5-4a36-8175-db5df1513edc--1951162449-executor] Seeking to earliest offset of partition cpg.metadata-0
26/07/14 13:45:42 INFO SubscriptionState: [Consumer clientId=consumer-spark-kafka-source-3e1a2026-43b5-4a36-8175-db5df1513edc--1951162449-executor-1, groupId=spark-kafka-source-3e1a2026-43b5-4a36-8175-db5df1513edc--1951162449-executor] Resetting offset for partition cpg.metadata-0 to position FetchPosition{offset=0, offsetEpoch=Optional.empty, currentLeader=LeaderAndEpoch{leader=Optional[broker:9092 (id: 1 rack: null)], epoch=0}}.
26/07/14 13:45:42 INFO SubscriptionState: [Consumer clientId=consumer-spark-kafka-source-3e1a2026-43b5-4a36-8175-db5df1513edc--1951162449-executor-1, groupId=spark-kafka-source-3e1a2026-43b5-4a36-8175-db5df1513edc--1951162449-executor] Seeking to latest offset of partition cpg.metadata-0
26/07/14 13:45:42 INFO SubscriptionState: [Consumer clientId=consumer-spark-kafka-source-3e1a2026-43b5-4a36-8175-db5df1513edc--1951162449-executor-1, groupId=spark-kafka-source-3e1a2026-43b5-4a36-8175-db5df1513edc--1951162449-executor] Resetting offset for partition cpg.metadata-0 to position FetchPosition{offset=5, offsetEpoch=Optional.empty, currentLeader=LeaderAndEpoch{leader=Optional[broker:9092 (id: 1 rack: null)], epoch=0}}.
26/07/14 13:45:43 INFO MemoryStore: Block rdd_7_0 stored as values in memory (estimated size 1815.0 B, free 127.1 MiB)
26/07/14 13:45:43 INFO BlockManagerInfo: Added rdd_7_0 in memory on d3651b0ec5ad:34021 (size: 1815.0 B, free: 127.2 MiB)
26/07/14 13:45:43 INFO CodeGenerator: Code generated in 2.719349 ms
26/07/14 13:45:43 INFO CodeGenerator: Code generated in 9.900603 ms
26/07/14 13:45:43 INFO CodeGenerator: Code generated in 5.345923 ms
26/07/14 13:45:43 INFO KafkaDataConsumer: From Kafka topicPartition=cpg.metadata-0 groupId=spark-kafka-source-3e1a2026-43b5-4a36-8175-db5df1513edc--1951162449-executor read 5 records through 1 polls (polled  out 5 records), taking 547156677 nanos, during time span of 688758540 nanos.
26/07/14 13:45:43 INFO Executor: Finished task 0.0 in stage 0.0 (TID 0). 2584 bytes result sent to driver
26/07/14 13:45:43 INFO TaskSetManager: Finished task 0.0 in stage 0.0 (TID 0) in 1071 ms on d3651b0ec5ad (executor driver) (1/1)
26/07/14 13:45:43 INFO TaskSchedulerImpl: Removed TaskSet 0.0, whose tasks have all completed, from pool
26/07/14 13:45:43 INFO DAGScheduler: ShuffleMapStage 0 (start at NativeMethodAccessorImpl.java:0) finished in 1.236 s
26/07/14 13:45:43 INFO DAGScheduler: looking for newly runnable stages
26/07/14 13:45:43 INFO DAGScheduler: running: Set()
26/07/14 13:45:43 INFO DAGScheduler: waiting: Set(ResultStage 1)
26/07/14 13:45:43 INFO DAGScheduler: failed: Set()
26/07/14 13:45:43 INFO DAGScheduler: Submitting ResultStage 1 (MapPartitionsRDD[15] at start at NativeMethodAccessorImpl.java:0), which has no missing parents
26/07/14 13:45:43 INFO MemoryStore: Block broadcast_1 stored as values in memory (estimated size 12.5 KiB, free 127.1 MiB)
26/07/14 13:45:43 INFO MemoryStore: Block broadcast_1_piece0 stored as bytes in memory (estimated size 5.9 KiB, free 127.1 MiB)
26/07/14 13:45:43 INFO BlockManagerInfo: Added broadcast_1_piece0 in memory on d3651b0ec5ad:34021 (size: 5.9 KiB, free: 127.2 MiB)
26/07/14 13:45:43 INFO SparkContext: Created broadcast 1 from broadcast at DAGScheduler.scala:1580
26/07/14 13:45:43 INFO DAGScheduler: Submitting 1 missing tasks from ResultStage 1 (MapPartitionsRDD[15] at start at NativeMethodAccessorImpl.java:0) (first 15 tasks are for partitions Vector(0))
26/07/14 13:45:43 INFO TaskSchedulerImpl: Adding task set 1.0 with 1 tasks resource profile 0
26/07/14 13:45:43 INFO TaskSetManager: Starting task 0.0 in stage 1.0 (TID 1) (d3651b0ec5ad, executor driver, partition 0, NODE_LOCAL, 10726 bytes)
26/07/14 13:45:43 INFO Executor: Running task 0.0 in stage 1.0 (TID 1)
26/07/14 13:45:43 INFO BlockManagerInfo: Removed broadcast_0_piece0 on d3651b0ec5ad:34021 in memory (size: 19.4 KiB, free: 127.2 MiB)
26/07/14 13:45:43 INFO ShuffleBlockFetcherIterator: Getting 1 (60.0 B) non-empty blocks including 1 (60.0 B) local and 0 (0.0 B) host-local and 0 (0.0 B) push-merged-local and 0 (0.0 B) remote blocks
26/07/14 13:45:43 INFO ShuffleBlockFetcherIterator: Started 0 remote fetches in 5 ms
26/07/14 13:45:43 INFO CodeGenerator: Code generated in 7.123315 ms
26/07/14 13:45:43 INFO Executor: Finished task 0.0 in stage 1.0 (TID 1). 4038 bytes result sent to driver
26/07/14 13:45:43 INFO TaskSetManager: Finished task 0.0 in stage 1.0 (TID 1) in 55 ms on d3651b0ec5ad (executor driver) (1/1)
26/07/14 13:45:43 INFO TaskSchedulerImpl: Removed TaskSet 1.0, whose tasks have all completed, from pool
26/07/14 13:45:43 INFO DAGScheduler: ResultStage 1 (start at NativeMethodAccessorImpl.java:0) finished in 0.063 s
26/07/14 13:45:43 INFO DAGScheduler: Job 0 is finished. Cancelling potential speculative or zombie tasks for this job
26/07/14 13:45:43 INFO TaskSchedulerImpl: Killing all running tasks in stage 1: Stage finished
26/07/14 13:45:43 INFO DAGScheduler: Job 0 finished: start at NativeMethodAccessorImpl.java:0, took 1.346891 s
[Batch 0] Writing 5 metadata document(s) to MongoDB
26/07/14 13:45:43 INFO MongoTable: Creating MongoTable: mongo-spark-connector-10.3.0
26/07/14 13:45:43 WARN CaseInsensitiveStringMap: Converting duplicated key spark.mongodb.write.idFieldList into CaseInsensitiveStringMap.
26/07/14 13:45:43 WARN CaseInsensitiveStringMap: Converting duplicated key spark.mongodb.write.operationType into CaseInsensitiveStringMap.
26/07/14 13:45:43 WARN CaseInsensitiveStringMap: Converting duplicated key spark.mongodb.write.upsertDocument into CaseInsensitiveStringMap.
26/07/14 13:45:43 INFO AppendDataExec: Start processing data source write support: com.mongodb.spark.sql.connector.write.MongoBatchWrite@b29e773. The input RDD has 1 partitions.
26/07/14 13:45:43 INFO SparkContext: Starting job: start at NativeMethodAccessorImpl.java:0
26/07/14 13:45:43 INFO DAGScheduler: Got job 1 (start at NativeMethodAccessorImpl.java:0) with 1 output partitions
26/07/14 13:45:43 INFO DAGScheduler: Final stage: ResultStage 2 (start at NativeMethodAccessorImpl.java:0)
26/07/14 13:45:43 INFO DAGScheduler: Parents of final stage: List()
26/07/14 13:45:43 INFO DAGScheduler: Missing parents: List()
26/07/14 13:45:43 INFO DAGScheduler: Submitting ResultStage 2 (MapPartitionsRDD[18] at start at NativeMethodAccessorImpl.java:0), which has no missing parents
26/07/14 13:45:43 INFO MemoryStore: Block broadcast_2 stored as values in memory (estimated size 50.4 KiB, free 127.1 MiB)
26/07/14 13:45:43 INFO MemoryStore: Block broadcast_2_piece0 stored as bytes in memory (estimated size 18.8 KiB, free 127.1 MiB)
26/07/14 13:45:43 INFO BlockManagerInfo: Added broadcast_2_piece0 in memory on d3651b0ec5ad:34021 (size: 18.8 KiB, free: 127.2 MiB)
26/07/14 13:45:43 INFO SparkContext: Created broadcast 2 from broadcast at DAGScheduler.scala:1580
26/07/14 13:45:43 INFO DAGScheduler: Submitting 1 missing tasks from ResultStage 2 (MapPartitionsRDD[18] at start at NativeMethodAccessorImpl.java:0) (first 15 tasks are for partitions Vector(0))
26/07/14 13:45:43 INFO TaskSchedulerImpl: Adding task set 2.0 with 1 tasks resource profile 0
26/07/14 13:45:43 INFO TaskSetManager: Starting task 0.0 in stage 2.0 (TID 2) (d3651b0ec5ad, executor driver, partition 0, PROCESS_LOCAL, 11668 bytes)
26/07/14 13:45:43 INFO Executor: Running task 0.0 in stage 2.0 (TID 2)
26/07/14 13:45:43 INFO BlockManager: Found block rdd_7_0 locally
26/07/14 13:45:43 INFO CodeGenerator: Code generated in 13.672477 ms
26/07/14 13:45:44 INFO CodeGenerator: Code generated in 14.342591 ms
26/07/14 13:45:44 INFO DataWritingSparkTask: Commit authorized for partition 0 (task 2, attempt 0, stage 2.0)
26/07/14 13:45:44 INFO client: MongoClient with metadata {"driver": {"name": "mongo-java-driver|sync|mongo-spark-connector|sink", "version": "4.8.2|10.3.0"}, "os": {"type": "Linux", "name": "Linux", "architecture": "amd64", "version": "7.1.2-arch3-1"}, "platform": "Java/BellSoft/17.0.10+13-LTS|Scala/2.12.18/Spark/3.5.0"} created with settings MongoClientSettings{readPreference=primary, writeConcern=WriteConcern{w=null, wTimeout=null ms, journal=null}, retryWrites=true, retryReads=true, readConcern=ReadConcern{level=null}, credential=null, streamFactoryFactory=null, commandListeners=[], codecRegistry=ProvidersCodecRegistry{codecProviders=[ValueCodecProvider{}, BsonValueCodecProvider{}, DBRefCodecProvider{}, DBObjectCodecProvider{}, DocumentCodecProvider{}, CollectionCodecProvider{}, IterableCodecProvider{}, MapCodecProvider{}, GeoJsonCodecProvider{}, GridFSFileCodecProvider{}, Jsr310CodecProvider{}, JsonObjectCodecProvider{}, BsonCodecProvider{}, EnumCodecProvider{}, com.mongodb.Jep395RecordCodecProvider@696975f0]}, clusterSettings={hosts=[mongo:27017], srvServiceName=mongodb, mode=SINGLE, requiredClusterType=UNKNOWN, requiredReplicaSetName='null', serverSelector='null', clusterListeners='[]', serverSelectionTimeout='30000 ms', localThreshold='30000 ms'}, socketSettings=SocketSettings{connectTimeoutMS=10000, readTimeoutMS=0, receiveBufferSize=0, sendBufferSize=0}, heartbeatSocketSettings=SocketSettings{connectTimeoutMS=10000, readTimeoutMS=10000, receiveBufferSize=0, sendBufferSize=0}, connectionPoolSettings=ConnectionPoolSettings{maxSize=100, minSize=0, maxWaitTimeMS=120000, maxConnectionLifeTimeMS=0, maxConnectionIdleTimeMS=0, maintenanceInitialDelayMS=0, maintenanceFrequencyMS=60000, connectionPoolListeners=[], maxConnecting=2}, serverSettings=ServerSettings{heartbeatFrequencyMS=10000, minHeartbeatFrequencyMS=500, serverListeners='[]', serverMonitorListeners='[]'}, sslSettings=SslSettings{enabled=false, invalidHostNameAllowed=false, context=null}, applicationName='null', compressorList=[], uuidRepresentation=UNSPECIFIED, serverApi=null, autoEncryptionSettings=null, contextProvider=null}
26/07/14 13:45:44 INFO cluster: Cluster description not yet available. Waiting for 30000 ms before timing out
26/07/14 13:45:44 INFO cluster: Monitor thread successfully connected to server with description ServerDescription{address=mongo:27017, type=STANDALONE, state=CONNECTED, ok=true, minWireVersion=0, maxWireVersion=21, maxDocumentSize=16777216, logicalSessionTimeoutMinutes=30, roundTripTimeNanos=15992283}
26/07/14 13:45:44 INFO DataWritingSparkTask: Committed partition 0 (task 2, attempt 0, stage 2.0)
26/07/14 13:45:44 INFO Executor: Finished task 0.0 in stage 2.0 (TID 2). 2244 bytes result sent to driver
26/07/14 13:45:44 INFO TaskSetManager: Finished task 0.0 in stage 2.0 (TID 2) in 878 ms on d3651b0ec5ad (executor driver) (1/1)
26/07/14 13:45:44 INFO TaskSchedulerImpl: Removed TaskSet 2.0, whose tasks have all completed, from pool
26/07/14 13:45:44 INFO DAGScheduler: ResultStage 2 (start at NativeMethodAccessorImpl.java:0) finished in 0.885 s
26/07/14 13:45:44 INFO DAGScheduler: Job 1 is finished. Cancelling potential speculative or zombie tasks for this job
26/07/14 13:45:44 INFO TaskSchedulerImpl: Killing all running tasks in stage 2: Stage finished
26/07/14 13:45:44 INFO DAGScheduler: Job 1 finished: start at NativeMethodAccessorImpl.java:0, took 0.888189 s
26/07/14 13:45:44 INFO AppendDataExec: Data source write support com.mongodb.spark.sql.connector.write.MongoBatchWrite@b29e773 is committing.
26/07/14 13:45:44 INFO AppendDataExec: Data source write support com.mongodb.spark.sql.connector.write.MongoBatchWrite@b29e773 committed.
26/07/14 13:45:44 INFO MapPartitionsRDD: Removing RDD 7 from persistence list
26/07/14 13:45:44 INFO BlockManager: Removing RDD 7
26/07/14 13:45:44 INFO CheckpointFileManager: Writing atomically to file:/mnt/checkpoints/cpg_metadata/commits/0 using temp file file:/mnt/checkpoints/cpg_metadata/commits/.0.f005f1f5-ed38-4096-938f-a96a89bb0505.tmp
26/07/14 13:45:44 INFO CheckpointFileManager: Renamed temp file file:/mnt/checkpoints/cpg_metadata/commits/.0.f005f1f5-ed38-4096-938f-a96a89bb0505.tmp to file:/mnt/checkpoints/cpg_metadata/commits/0
26/07/14 13:45:44 INFO MicroBatchExecution: Streaming query made progress: {
  "id" : "9eecc4a8-2c4c-4b79-9991-7ebd54e448ea",
  "runId" : "be5149ce-0222-49aa-bf36-cefd11421858",
  "name" : null,
  "timestamp" : "2026-07-14T13:45:40.570Z",
  "batchId" : 0,
  "numInputRows" : 5,
  "inputRowsPerSecond" : 0.0,
  "processedRowsPerSecond" : 1.3598041881968996,
  "durationMs" : {
    "addBatch" : 2859,
    "commitOffsets" : 37,
    "getBatch" : 13,
    "latestOffset" : 467,
    "queryPlanning" : 251,
    "triggerExecution" : 3677,
    "walCommit" : 34
  },
  "stateOperators" : [ ],
  "sources" : [ {
    "description" : "KafkaV2[Subscribe[cpg.metadata]]",
    "startOffset" : null,
    "endOffset" : {
      "cpg.metadata" : {
        "0" : 5
      }
    },
    "latestOffset" : {
      "cpg.metadata" : {
        "0" : 5
      }
    },
    "numInputRows" : 5,
    "inputRowsPerSecond" : 0.0,
    "processedRowsPerSecond" : 1.3598041881968996,
    "metrics" : {
      "avgOffsetsBehindLatest" : "0.0",
      "maxOffsetsBehindLatest" : "0",
      "minOffsetsBehindLatest" : "0"
    }
  } ],
  "sink" : {
    "description" : "ForeachBatchSink",
    "numOutputRows" : -1
  }
}
